<?xml version="1.0" encoding="UTF-8"?>
<testsuite xmlns:xsi="http://www.w3.org/2001/XMLSchema-instance" xsi:noNamespaceSchemaLocation="https://maven.apache.org/surefire/maven-surefire-plugin/xsd/surefire-test-report.xsd" name="PathFinderTest" time="0.015" tests="4" errors="0" skipped="0" failures="0">
  <properties>
[...]
</properties>
  <testcase name="FindPath_ShouldHaveGoodLineNumber" classname="PathFinderTest" time="0"/>
  <testcase name="FindPath_ShouldHaveGoodRouteCount" classname="PathFinderTest" time="0"/>
  <testcase name="FindPath_ShouldHaveGoodCost" classname="PathFinderTest" time="0"/>
  <testcase name="FindPath_ShouldHaveGoodRoute" classname="PathFinderTest" time="0.015"/>
</testsuite>